d:\myprojects\c++\курсачи 2.2\паттерн1\client\debug\client.pch
d:\myprojects\c++\курсачи 2.2\паттерн1\client\debug\vc142.pdb
d:\myprojects\c++\курсачи 2.2\паттерн1\client\debug\vc142.idb
d:\myprojects\c++\курсачи 2.2\паттерн1\client\debug\pch.obj
d:\myprojects\c++\курсачи 2.2\паттерн1\client\debug\usercontrol.obj
d:\myprojects\c++\курсачи 2.2\паттерн1\client\debug\registration.obj
d:\myprojects\c++\курсачи 2.2\паттерн1\client\debug\productcontrol.obj
d:\myprojects\c++\курсачи 2.2\паттерн1\client\debug\formatter.obj
d:\myprojects\c++\курсачи 2.2\паттерн1\client\debug\expertmethod.obj
d:\myprojects\c++\курсачи 2.2\паттерн1\client\debug\expertchoice.obj
d:\myprojects\c++\курсачи 2.2\паттерн1\client\debug\clientconnectionmodule.obj
d:\myprojects\c++\курсачи 2.2\паттерн1\client\debug\authorization.obj
d:\myprojects\c++\курсачи 2.2\паттерн1\client\debug\adduser.obj
d:\myprojects\c++\курсачи 2.2\паттерн1\client\debug\addproduct.obj
d:\myprojects\c++\курсачи 2.2\паттерн1\client\debug\user.obj
d:\myprojects\c++\курсачи 2.2\паттерн1\client\debug\object.obj
d:\myprojects\c++\курсачи 2.2\паттерн1\client\debug\expert.obj
d:\myprojects\c++\курсачи 2.2\паттерн1\client\debug\client.obj
d:\myprojects\c++\курсачи 2.2\паттерн1\client\debug\client.tlog\cl.command.1.tlog
d:\myprojects\c++\курсачи 2.2\паттерн1\client\debug\client.tlog\cl.read.1.tlog
d:\myprojects\c++\курсачи 2.2\паттерн1\client\debug\client.tlog\cl.write.1.tlog
