d:\myprojects\c++\курсачи 2.2\паттерн\pattern\debug\vc142.pdb
d:\myprojects\c++\курсачи 2.2\паттерн\pattern\debug\vc142.idb
d:\myprojects\c++\курсачи 2.2\паттерн\pattern\debug\user.obj
d:\myprojects\c++\курсачи 2.2\паттерн\pattern\debug\patterndlg.obj
d:\myprojects\c++\курсачи 2.2\паттерн\pattern\debug\pattern.obj
d:\myprojects\c++\курсачи 2.2\паттерн\pattern\debug\expert.obj
d:\myprojects\c++\курсачи 2.2\паттерн\pattern\debug\client.obj
d:\myprojects\c++\курсачи 2.2\паттерн\pattern\debug\admin.obj
d:\myprojects\c++\курсачи 2.2\паттерн\pattern\debug\pattern.pch
d:\myprojects\c++\курсачи 2.2\паттерн\pattern\debug\pch.obj
d:\myprojects\c++\курсачи 2.2\паттерн\pattern\debug\clientconnectionmodule.obj
d:\myprojects\c++\курсачи 2.2\паттерн\pattern\debug\pattern.exe
d:\myprojects\c++\курсачи 2.2\паттерн\pattern\debug\pattern.ilk
d:\myprojects\c++\курсачи 2.2\паттерн\pattern\debug\pattern.pdb
d:\myprojects\c++\курсачи 2.2\паттерн\pattern\debug\pattern.lib
d:\myprojects\c++\курсачи 2.2\паттерн\pattern\debug\pattern.exp
d:\myprojects\c++\курсачи 2.2\паттерн\pattern\debug\pattern.res
d:\myprojects\c++\курсачи 2.2\паттерн\pattern\debug\pattern.tlog\cl.command.1.tlog
d:\myprojects\c++\курсачи 2.2\паттерн\pattern\debug\pattern.tlog\cl.read.1.tlog
d:\myprojects\c++\курсачи 2.2\паттерн\pattern\debug\pattern.tlog\cl.write.1.tlog
d:\myprojects\c++\курсачи 2.2\паттерн\pattern\debug\pattern.tlog\link.10552.delete.1.tlog
d:\myprojects\c++\курсачи 2.2\паттерн\pattern\debug\pattern.tlog\link.command.1.tlog
d:\myprojects\c++\курсачи 2.2\паттерн\pattern\debug\pattern.tlog\link.read.1.tlog
d:\myprojects\c++\курсачи 2.2\паттерн\pattern\debug\pattern.tlog\link.write.1.tlog
d:\myprojects\c++\курсачи 2.2\паттерн\pattern\debug\pattern.tlog\pattern.write.1u.tlog
d:\myprojects\c++\курсачи 2.2\паттерн\pattern\debug\pattern.tlog\rc.command.1.tlog
d:\myprojects\c++\курсачи 2.2\паттерн\pattern\debug\pattern.tlog\rc.read.1.tlog
d:\myprojects\c++\курсачи 2.2\паттерн\pattern\debug\pattern.tlog\rc.write.1.tlog
