d:\myprojects\c++\курсачи 2.2\паттерн1\server\debug\vc142.pdb
d:\myprojects\c++\курсачи 2.2\паттерн1\server\debug\vc142.idb
d:\myprojects\c++\курсачи 2.2\паттерн1\server\debug\main.obj
d:\myprojects\c++\курсачи 2.2\паттерн1\server\debug\databasecontext.obj
d:\myprojects\c++\курсачи 2.2\паттерн1\server\debug\clientinfo.obj
d:\myprojects\c++\курсачи 2.2\паттерн1\server\debug\user.obj
d:\myprojects\c++\курсачи 2.2\паттерн1\server\debug\expert.obj
d:\myprojects\c++\курсачи 2.2\паттерн1\server\debug\client.obj
d:\myprojects\c++\курсачи 2.2\паттерн1\server\debug\admin.obj
d:\myprojects\c++\курсачи 2.2\паттерн1\server\debug\object.obj
d:\myprojects\c++\курсачи 2.2\паттерн1\server\debug\server.obj
d:\myprojects\c++\курсачи 2.2\паттерн1\client\debug\server.pdb
d:\myprojects\c++\курсачи 2.2\паттерн1\server\debug\server.tlog\cl.command.1.tlog
d:\myprojects\c++\курсачи 2.2\паттерн1\server\debug\server.tlog\cl.read.1.tlog
d:\myprojects\c++\курсачи 2.2\паттерн1\server\debug\server.tlog\cl.write.1.tlog
d:\myprojects\c++\курсачи 2.2\паттерн1\server\debug\server.tlog\link-cvtres.read.1.tlog
d:\myprojects\c++\курсачи 2.2\паттерн1\server\debug\server.tlog\link-cvtres.write.1.tlog
d:\myprojects\c++\курсачи 2.2\паттерн1\server\debug\server.tlog\link-rc.read.1.tlog
d:\myprojects\c++\курсачи 2.2\паттерн1\server\debug\server.tlog\link-rc.write.1.tlog
d:\myprojects\c++\курсачи 2.2\паттерн1\server\debug\server.tlog\link.command.1.tlog
d:\myprojects\c++\курсачи 2.2\паттерн1\server\debug\server.tlog\link.read.1.tlog
d:\myprojects\c++\курсачи 2.2\паттерн1\server\debug\server.tlog\link.write.1.tlog
